<?xml version="1.0" encoding="UTF-8"?>
<!-- Generated by org.testng.reporters.JUnitXMLReporter -->
<testsuite ignored="0" hostname="DESKTOP-MULBKCH" failures="0" tests="3" name="Default test" time="0.105" errors="0" timestamp="2022-01-28T22:29:24 IST">
  <testcase classname="learning.FrameworkConcepts.TestNG.Paramerization" name="loginValidation" time="0.012"/>
  <testcase classname="learning.FrameworkConcepts.TestNG.Paramerization" name="loginValidation" time="0.002"/>
  <testcase classname="learning.FrameworkConcepts.TestNG.Paramerization" name="loginValidation" time="0.006"/>
</testsuite> <!-- Default test -->
