<?xml version="1.0" encoding="UTF-8"?>
<!-- Generated by org.testng.reporters.JUnitXMLReporter -->
<testsuite ignored="0" hostname="DESKTOP-MULBKCH" failures="0" tests="9" name="SmokeTest" time="0.101" errors="0" timestamp="2022-01-27T20:12:49 IST">
  <testcase classname="learning.FrameworkConcepts.TestNG.ClassOne" name="testOne" time="0.01"/>
  <testcase classname="learning.FrameworkConcepts.TestNG.ClassTwo" name="testTwo" time="0.002"/>
  <testcase classname="learning.FrameworkConcepts.TestNG.ClassThree" name="testThreeA" time="0.004"/>
  <testcase classname="learning.FrameworkConcepts.TestNG.ClassThree" name="testThreeB" time="0.001"/>
  <testcase classname="learning.FrameworkConcepts.TestNG.ClassFour" name="testFourA" time="0.002"/>
  <testcase classname="learning.FrameworkConcepts.TestNG.ClassFour" name="testFourB" time="0.001"/>
  <testcase classname="learning.FrameworkConcepts.TestNG.ClassFour" name="testFourC" time="0.004"/>
  <testcase classname="learning.FrameworkConcepts.TestNG.ClassFive" name="testFiveA" time="0.002"/>
  <testcase classname="learning.FrameworkConcepts.TestNG.ClassFive" name="testFiveB" time="0.001"/>
</testsuite> <!-- SmokeTest -->
