<?xml version="1.0" encoding="UTF-8"?>
<testng-results ignored="0" total="3" passed="3" failed="0" skipped="0">
  <reporter-output>
  </reporter-output>
  <suite started-at="2022-01-28T22:29:24 IST" name="Default suite" finished-at="2022-01-28T22:29:24 IST" duration-ms="105">
    <groups>
    </groups>
    <test started-at="2022-01-28T22:29:24 IST" name="Default test" finished-at="2022-01-28T22:29:24 IST" duration-ms="105">
      <class name="learning.FrameworkConcepts.TestNG.Paramerization">
        <test-method signature="loginValidation(java.lang.String,java.lang.String)[pri:0, instance:learning.FrameworkConcepts.TestNG.Paramerization@21e360a]" started-at="2022-01-28T22:29:24 IST" name="loginValidation" data-provider="LoginInfo" finished-at="2022-01-28T22:29:24 IST" duration-ms="12" status="PASS">
          <params>
            <param index="0">
              <value>
                <![CDATA[AdminUserName]]>
              </value>
            </param>
            <param index="1">
              <value>
                <![CDATA[APassword]]>
              </value>
            </param>
          </params>
          <reporter-output>
          </reporter-output>
        </test-method> <!-- loginValidation -->
        <test-method signature="loginValidation(java.lang.String,java.lang.String)[pri:0, instance:learning.FrameworkConcepts.TestNG.Paramerization@21e360a]" started-at="2022-01-28T22:29:24 IST" name="loginValidation" data-provider="LoginInfo" finished-at="2022-01-28T22:29:24 IST" duration-ms="2" status="PASS">
          <params>
            <param index="0">
              <value>
                <![CDATA[TeacherUserName]]>
              </value>
            </param>
            <param index="1">
              <value>
                <![CDATA[TPassword]]>
              </value>
            </param>
          </params>
          <reporter-output>
          </reporter-output>
        </test-method> <!-- loginValidation -->
        <test-method signature="loginValidation(java.lang.String,java.lang.String)[pri:0, instance:learning.FrameworkConcepts.TestNG.Paramerization@21e360a]" started-at="2022-01-28T22:29:24 IST" name="loginValidation" data-provider="LoginInfo" finished-at="2022-01-28T22:29:24 IST" duration-ms="6" status="PASS">
          <params>
            <param index="0">
              <value>
                <![CDATA[StudentUserName]]>
              </value>
            </param>
            <param index="1">
              <value>
                <![CDATA[SPassword]]>
              </value>
            </param>
          </params>
          <reporter-output>
          </reporter-output>
        </test-method> <!-- loginValidation -->
      </class> <!-- learning.FrameworkConcepts.TestNG.Paramerization -->
    </test> <!-- Default test -->
  </suite> <!-- Default suite -->
</testng-results>
